2025-09-14 20:04:27,364 - INFO - Loaded dataset with shape: (1000, 17)
2025-09-14 20:04:27,383 - INFO - Preprocessed data shape: X=(1000, 11), y=(1000,)
2025-09-14 20:04:27,384 - INFO - Target statistics: mean=29.30, std=72.82
2025-09-14 20:04:27,385 - INFO - Starting model training...
2025-09-14 20:04:27,392 - INFO - Training Random Forest...
2025-09-14 20:04:58,020 - INFO - Best RF params: {'model__n_estimators': 500, 'model__min_samples_split': 20, 'model__min_samples_leaf': 2, 'model__max_features': 'sqrt', 'model__max_depth': None, 'model__bootstrap': True}
2025-09-14 20:04:58,021 - INFO - Training XGBoost...
2025-09-14 20:05:11,488 - INFO - Best XGB params: {'model__subsample': 1.0, 'model__reg_lambda': 1.5, 'model__reg_alpha': 0.5, 'model__n_estimators': 300, 'model__max_depth': 3, 'model__learning_rate': 0.01, 'model__colsample_bytree': 0.7}
2025-09-14 20:05:11,583 - INFO - Model Performance:
2025-09-14 20:05:11,583 - INFO - --------------------------------------------------
2025-09-14 20:05:11,585 - INFO - Random Forest:
2025-09-14 20:05:11,585 - INFO -   RMSE: 27.9313
2025-09-14 20:05:11,585 - INFO -   MAE:  10.1360
2025-09-14 20:05:11,585 - INFO -   R²:   0.8551
2025-09-14 20:05:11,623 - INFO - 
2025-09-14 20:05:11,625 - INFO - XGBoost:
2025-09-14 20:05:11,625 - INFO -   RMSE: 29.3622
2025-09-14 20:05:11,625 - INFO -   MAE:  11.0174
2025-09-14 20:05:11,625 - INFO -   R²:   0.8398
2025-09-14 20:05:11,626 - INFO - 
2025-09-14 20:05:11,627 - INFO - Ensemble:
2025-09-14 20:05:11,627 - INFO -   RMSE: 28.1332
2025-09-14 20:05:11,628 - INFO -   MAE:  10.2698
2025-09-14 20:05:11,628 - INFO -   R²:   0.8530
2025-09-14 20:05:11,628 - INFO - 
2025-09-14 20:05:11,628 - INFO - Model training completed successfully!
2025-09-14 20:05:11,830 - INFO - Model saved to: models\ensemble_dwell_time_model.pkl
2025-09-14 20:05:11,830 - INFO - Config saved to: models\model_config.json
2025-09-14 20:05:11,831 - INFO - Pipeline completed successfully!
